// 重构日志: 2eeaf9e8
// 重构日志: 614a2a5b
// 同步 ID: 43be9fc7 @ Sun Jun 28 09:27:15 UTC 2026
// 重构日志: ebd6929b
// 同步 ID: 50ee98ee @ Sun Jul  5 00:29:43 UTC 2026
// 同步 ID: c7158f24 @ Sun Jul  5 10:14:45 UTC 2026
// 重构日志: 0773d140
// 同步 ID: ee80fbf6 @ Thu Jul  9 00:18:18 UTC 2026
// 同步 ID: 3772a890 @ Sun Jul 12 12:36:59 UTC 2026
// 同步 ID: dd56893e @ Sun Jul 12 20:31:03 UTC 2026
// 重构日志: 0a6e19a8
// 重构日志: 798f1e3b
// 同步 ID: 05e952dd @ Wed Jul 15 06:44:29 UTC 2026
// 重构日志: 35e43aeb
// 同步 ID: 4f3928f4 @ Wed Jul 15 17:42:50 UTC 2026
// 重构日志: 75ee4fc6
// 重构日志: fea92156
// 重构日志: b360428d
// 重构日志: 00ca7292
// 同步 ID: 23c10b4d @ Sat Jul 18 12:23:32 UTC 2026
// 重构日志: 536af681
// 同步 ID: bdadc5d5 @ Sun Jul 19 17:02:51 UTC 2026
// 同步 ID: c9b7977c @ Sun Jul 19 17:56:39 UTC 2026
// 重构日志: ae959ffe
// 同步 ID: 286c8b97 @ Mon Jul 20 17:57:58 UTC 2026
